<?xml version="1.0" encoding="UTF-8"?>
<!-- Generated by org.testng.reporters.JUnitReportReporter -->
<testsuite hostname="DESKTOP-Q1G3G75" failures="0" tests="3" name="com.ebay.tests.boundary.CustomAmountMinimumTest" time="90.264" errors="0" timestamp="2025-02-11T22:49:27 GMT+05:00" skipped="0">
  <testcase classname="com.ebay.tests.boundary.CustomAmountMinimumTest" name="testAddToCart" time="31.342"/>
  <testcase classname="com.ebay.tests.boundary.CustomAmountMinimumTest" name="testAddToCart" time="25.006"/>
  <testcase classname="com.ebay.tests.boundary.CustomAmountMinimumTest" name="testAddToCart" time="33.916"/>
</testsuite> <!-- com.ebay.tests.boundary.CustomAmountMinimumTest -->
