<?xml version="1.0" encoding="UTF-8"?>
<!-- Generated by org.testng.reporters.JUnitReportReporter -->
<testsuite hostname="DESKTOP-Q1G3G75" failures="0" tests="3" name="com.ebay.tests.regression.CheckOutTest" time="151.591" errors="0" timestamp="2025-02-11T22:49:27 GMT+05:00" skipped="0">
  <testcase classname="com.ebay.tests.regression.CheckOutTest" name="testAddToCart" time="51.920"/>
  <testcase classname="com.ebay.tests.regression.CheckOutTest" name="testAddToCart" time="47.819"/>
  <testcase classname="com.ebay.tests.regression.CheckOutTest" name="testAddToCart" time="51.852"/>
</testsuite> <!-- com.ebay.tests.regression.CheckOutTest -->
