<?xml version="1.0" encoding="UTF-8"?>
<!-- Generated by org.testng.reporters.JUnitReportReporter -->
<testsuite hostname="DESKTOP-Q1G3G75" failures="0" tests="3" name="com.ebay.tests.usability.RecipientNameErrorTextVisibility" time="88.544" errors="0" timestamp="2025-02-11T22:49:27 GMT+05:00" skipped="0">
  <testcase classname="com.ebay.tests.usability.RecipientNameErrorTextVisibility" name="testAddToCart" time="32.180"/>
  <testcase classname="com.ebay.tests.usability.RecipientNameErrorTextVisibility" name="testAddToCart" time="30.445"/>
  <testcase classname="com.ebay.tests.usability.RecipientNameErrorTextVisibility" name="testAddToCart" time="25.919"/>
</testsuite> <!-- com.ebay.tests.usability.RecipientNameErrorTextVisibility -->
