<?xml version="1.0" encoding="UTF-8"?>
<!-- Generated by org.testng.reporters.JUnitReportReporter -->
<testsuite hostname="DESKTOP-Q1G3G75" failures="0" tests="1" name="com.ebay.tests.performance.CartLoadTest" time="16.150" errors="0" timestamp="2025-02-11T22:16:12 GMT+05:00" skipped="0">
  <testcase classname="com.ebay.tests.performance.CartLoadTest" name="testConcurrentAddToCart" time="16.150"/>
</testsuite> <!-- com.ebay.tests.performance.CartLoadTest -->
