<?xml version="1.0" encoding="UTF-8"?>
<!-- Generated by org.testng.reporters.JUnitReportReporter -->
<testsuite hostname="DESKTOP-Q1G3G75" failures="0" tests="3" name="com.ebay.tests.functional.AddToCartTest" time="129.391" errors="0" timestamp="2025-02-11T22:49:27 GMT+05:00" skipped="0">
  <testcase classname="com.ebay.tests.functional.AddToCartTest" name="testAddToCart" time="46.202"/>
  <testcase classname="com.ebay.tests.functional.AddToCartTest" name="testAddToCart" time="44.365"/>
  <testcase classname="com.ebay.tests.functional.AddToCartTest" name="testAddToCart" time="38.824"/>
</testsuite> <!-- com.ebay.tests.functional.AddToCartTest -->
