<?xml version="1.0" encoding="UTF-8"?>
<!-- Generated by org.testng.reporters.JUnitReportReporter -->
<testsuite hostname="DESKTOP-Q1G3G75" failures="0" tests="1" name="com.ebay.tests.performance.GiftCardLoadTest" time="394.368" errors="0" timestamp="2025-02-11T22:04:16 GMT+05:00" skipped="0">
  <testcase classname="com.ebay.tests.performance.GiftCardLoadTest" name="testConcurrentAddToCart" time="394.368"/>
</testsuite> <!-- com.ebay.tests.performance.GiftCardLoadTest -->
